<?xml version="1.0" encoding="UTF-8"?>
<testsuite xmlns:xsi="http://www.w3.org/2001/XMLSchema-instance" xsi:noNamespaceSchemaLocation="https://maven.apache.org/surefire/maven-surefire-plugin/xsd/surefire-test-report.xsd" version="3.0.2" name="com.apptrove.ledgerlyBackend.LedgerlyBackendApplicationTests" time="5.955" tests="1" errors="0" skipped="0" failures="0">
  <properties>
[...]
</properties>
  <testcase name="contextLoads" classname="com.apptrove.ledgerlyBackend.LedgerlyBackendApplicationTests" time="0.309">
    <system-out><![CDATA[  _      _                _       
 | |    (_)              (_)      
 | |     _  ___  ___ _ __ _  __ _ 
 | |    | |/ _ \/ __| '__| |/ _` |
 | |____| |  __/ (__| |  | | (_| |
 |______|_|\___|\___|_|  |_|\__,_|

  Ledgerly Backend v0.0.1-DEV
  Running on Spring Boot v3.4.1
2025-02-21 23:44:56 [background-preinit] [29] INFO  Version.<clinit>:21 - HV000001: Hibernate Validator 8.0.2.Final
2025-02-21 23:44:56 [main] [1] INFO  LedgerlyBackendApplicationTests.logStarting:53 - Starting LedgerlyBackendApplicationTests using Java 17.0.12 with PID 62532 (started by adity in D:\EclipseWorkspace\ledgerlyBackend)
2025-02-21 23:44:56 [main] [1] INFO  LedgerlyBackendApplicationTests.logStartupProfileInfo:658 - The following 1 profile is active: "HOME"
2025-02-21 23:44:57 [main] [1] INFO  RepositoryConfigurationDelegate.registerRepositoriesIn:143 - Bootstrapping Spring Data JPA repositories in DEFAULT mode.
2025-02-21 23:44:57 [main] [1] INFO  RepositoryConfigurationDelegate.registerRepositoriesIn:211 - Finished Spring Data repository scanning in 64 ms. Found 9 JPA repository interfaces.
2025-02-21 23:44:58 [main] [1] INFO  LogHelper.logPersistenceUnitInformation:31 - HHH000204: Processing PersistenceUnitInfo [name: default]
2025-02-21 23:44:58 [main] [1] INFO  Version.logVersion:44 - HHH000412: Hibernate ORM core version 6.6.4.Final
2025-02-21 23:44:58 [main] [1] INFO  RegionFactoryInitiator.initiateService:50 - HHH000026: Second-level cache disabled
2025-02-21 23:44:58 [main] [1] INFO  SpringPersistenceUnitInfo.addTransformer:87 - No LoadTimeWeaver setup: ignoring JPA class transformer
2025-02-21 23:44:58 [main] [1] WARN  deprecation.constructDialect:153 - HHH90000025: MySQLDialect does not need to be specified explicitly using 'hibernate.dialect' (remove the property setting and it will be selected by default)
2025-02-21 23:44:58 [main] [1] INFO  pooling.initiateService:157 - HHH10001005: Database info:
	Database JDBC URL [Connecting through datasource 'HikariDataSource (HikariPool-1)']
	Database driver: undefined/unknown
	Database version: 8.0.25
	Autocommit mode: undefined/unknown
	Isolation level: undefined/unknown
	Minimum pool size: undefined/unknown
	Maximum pool size: undefined/unknown
2025-02-21 23:44:59 [main] [1] INFO  JtaPlatformInitiator.initiateService:59 - HHH000489: No JTA platform available (set 'hibernate.transaction.jta.platform' to enable JTA platform integration)
2025-02-21 23:44:59 [main] [1] INFO  LocalContainerEntityManagerFactoryBean.buildNativeEntityManagerFactory:447 - Initialized JPA EntityManagerFactory for persistence unit 'default'
2025-02-21 23:44:59 [main] [1] WARN  JpaBaseConfiguration$JpaWebConfiguration.openEntityManagerInViewInterceptor:241 - spring.jpa.open-in-view is enabled by default. Therefore, database queries may be performed during view rendering. Explicitly configure spring.jpa.open-in-view to disable this warning
2025-02-21 23:45:00 [main] [1] INFO  QueryEnhancerFactory.<clinit>:49 - Hibernate is in classpath; If applicable, HQL parser will be used.
2025-02-21 23:45:01 [main] [1] INFO  InitializeUserDetailsBeanManagerConfigurer$InitializeUserDetailsManagerConfigurer.configure:114 - Global AuthenticationManager configured with UserDetailsService bean with name customUserDetailsService
2025-02-21 23:45:01 [main] [1] INFO  LedgerlyBackendApplicationTests.logStarted:59 - Started LedgerlyBackendApplicationTests in 5.152 seconds (process running for 5.972)
]]></system-out>
    <system-err><![CDATA[SLF4J(W): No SLF4J providers were found.
SLF4J(W): Defaulting to no-operation (NOP) logger implementation
SLF4J(W): See https://www.slf4j.org/codes.html#noProviders for further details.
]]></system-err>
  </testcase>
</testsuite>